<?xml version="1.0" encoding="UTF-8"?>
<testsuite name="com.kenzie.eventplanner.integration.Phase3Test" tests="2" skipped="0" failures="0" errors="0" timestamp="2022-11-30T05:39:46" hostname="MSI" time="2.115">
  <properties/>
  <testcase name="getInvitesForOrganizerActivity_hasEvents_returnsEvents()" classname="com.kenzie.eventplanner.integration.Phase3Test" time="2.008"/>
  <testcase name="getInvitesForOrganizerActivity_noEvents_returnsEmptyLIst()" classname="com.kenzie.eventplanner.integration.Phase3Test" time="0.106"/>
  <system-out><![CDATA[]]></system-out>
  <system-err><![CDATA[]]></system-err>
</testsuite>
