<?xml version="1.0" encoding="UTF-8"?>
<testsuite name="com.kenzie.dynamodbindexdesign.littleleague.integration.Phase1Test" tests="6" skipped="0" failures="0" errors="0" timestamp="2022-11-30T01:49:43" hostname="MSI" time="0.919">
  <properties/>
  <testcase name="getHomeMatches_teamWithMultipleMatches_onlyReturnsHomeGames()" classname="com.kenzie.dynamodbindexdesign.littleleague.integration.Phase1Test" time="0.414"/>
  <testcase name="getHomeMatches_teamWithNoHomeGames_returnEmptyList()" classname="com.kenzie.dynamodbindexdesign.littleleague.integration.Phase1Test" time="0.104"/>
  <testcase name="getHomeMatches_teamWithOneHomeGame_returnsOneHomeGame()" classname="com.kenzie.dynamodbindexdesign.littleleague.integration.Phase1Test" time="0.105"/>
  <testcase name="getHomeMatches_teamNotInLeague_returnEmptyList()" classname="com.kenzie.dynamodbindexdesign.littleleague.integration.Phase1Test" time="0.097"/>
  <testcase name="getHomeMatches_tooEarly_returnEmptyList()" classname="com.kenzie.dynamodbindexdesign.littleleague.integration.Phase1Test" time="0.096"/>
  <testcase name="getHomeMatches_tooLate_returnEmptyList()" classname="com.kenzie.dynamodbindexdesign.littleleague.integration.Phase1Test" time="0.099"/>
  <system-out><![CDATA[]]></system-out>
  <system-err><![CDATA[]]></system-err>
</testsuite>
