<?xml version="1.0" encoding="UTF-8"?>
<testsuite name="com.kenzie.dynamodbtabledesign.icecreamparlor.integration.Phase3Test" tests="1" skipped="0" failures="0" errors="0" timestamp="2022-11-28T06:35:44" hostname="MSI" time="0.504">
  <properties/>
  <testcase name="[1] Receipts" classname="com.kenzie.dynamodbtabledesign.icecreamparlor.integration.Phase3Test" time="0.504"/>
  <system-out><![CDATA[]]></system-out>
  <system-err><![CDATA[]]></system-err>
</testsuite>
